2026-01-29T03:08:28.984Z	Initializing build environment...
2026-01-29T03:08:30.495Z	Success: Finished initializing build environment
2026-01-29T03:08:30.798Z	Cloning repository...
2026-01-29T03:08:37.120Z	Detected the following tools from environment: npm@10.9.2, nodejs@22.16.0
2026-01-29T03:08:37.121Z	Restoring from dependencies cache
2026-01-29T03:08:37.124Z	Restoring from build output cache
2026-01-29T03:08:37.279Z	Installing project dependencies: npm clean-install --progress=false
2026-01-29T03:08:40.696Z	npm warn deprecated @esbuild-kit/core-utils@3.3.2: Merged into tsx: https://tsx.is
2026-01-29T03:08:40.719Z	npm warn deprecated @esbuild-kit/esm-loader@2.6.5: Merged into tsx: https://tsx.is
2026-01-29T03:08:43.281Z	
2026-01-29T03:08:43.281Z	added 134 packages, and audited 135 packages in 5s
2026-01-29T03:08:43.281Z	
2026-01-29T03:08:43.281Z	22 packages are looking for funding
2026-01-29T03:08:43.281Z	  run `npm fund` for details
2026-01-29T03:08:43.303Z	
2026-01-29T03:08:43.304Z	6 vulnerabilities (5 moderate, 1 high)
2026-01-29T03:08:43.304Z	
2026-01-29T03:08:43.304Z	To address issues that do not require attention, run:
2026-01-29T03:08:43.304Z	  npm audit fix
2026-01-29T03:08:43.304Z	
2026-01-29T03:08:43.305Z	To address all issues (including breaking changes), run:
2026-01-29T03:08:43.305Z	  npm audit fix --force
2026-01-29T03:08:43.305Z	
2026-01-29T03:08:43.305Z	Run `npm audit` for details.
2026-01-29T03:08:43.476Z	Executing user deploy command: npx wrangler pages deploy public
2026-01-29T03:08:44.787Z	npm warn exec The following package was not found and will be installed: wrangler@4.61.0
2026-01-29T03:08:56.326Z	
2026-01-29T03:08:56.327Z	 â›…ï¸ wrangler 4.61.0
2026-01-29T03:08:56.327Z	â”€â”€â”€â”€â”€â”€â”€â”€â”€â”€â”€â”€â”€â”€â”€â”€â”€â”€â”€
2026-01-29T03:08:56.362Z	
2026-01-29T03:08:56.459Z	âœ˜ [ERROR] Must specify a project name.
2026-01-29T03:08:56.459Z	
2026-01-29T03:08:56.459Z	
2026-01-29T03:08:56.532Z	ğŸªµ  Logs were written to "/opt/buildhome/.config/.wrangler/logs/wrangler-2026-01-29_03-08-55_445.log"
2026-01-29T03:08:56.712Z	Failed: error occurred while running deploy command